# JRE version: Java(TM) SE Runtime Environment (8.0_221-b11) (build 1.8.0_221-b11)
# Java VM: Java HotSpot(TM) 64-Bit Server VM (25.221-b11 mixed mode windows-amd64 compressed oops)
Heap:
 PSYoungGen      total 380928K, used 195986K [0x00000000d5e00000, 0x00000000f6600000, 0x0000000100000000)
  eden space 363008K, 53% used [0x00000000d5e00000,0x00000000e1d648d0,0x00000000ec080000)
  from space 17920K, 0% used [0x00000000ec080000,0x00000000ec080000,0x00000000ed200000)
  to   space 17408K, 0% used [0x00000000f5500000,0x00000000f5500000,0x00000000f6600000)
 ParOldGen       total 89600K, used 24453K [0x0000000081a00000, 0x0000000087180000, 0x00000000d5e00000)
  object space 89600K, 27% used [0x0000000081a00000,0x00000000831e1758,0x0000000087180000)
 Metaspace       used 67574K, capacity 71756K, committed 71896K, reserved 1112064K
  class space    used 8997K, capacity 9695K, committed 9728K, reserved 1048576K
GC Heap History (10 events):
Event: 4.793 GC heap before
{Heap before GC invocations=10 (full 1):
 PSYoungGen      total 259072K, used 62800K [0x00000000d5e00000, 0x00000000e6980000, 0x0000000100000000)
  eden space 247808K, 20% used [0x00000000d5e00000,0x00000000d9058d90,0x00000000e5000000)
  from space 11264K, 99% used [0x00000000e5e80000,0x00000000e697b588,0x00000000e6980000)
  to   space 12800K, 0% used [0x00000000e5080000,0x00000000e5080000,0x00000000e5d00000)
 ParOldGen       total 46080K, used 6861K [0x0000000081a00000, 0x0000000084700000, 0x00000000d5e00000)
  object space 46080K, 14% used [0x0000000081a00000,0x00000000820b3650,0x0000000084700000)
 Metaspace       used 33179K, capacity 35316K, committed 35416K, reserved 1079296K
  class space    used 4509K, capacity 4945K, committed 4992K, reserved 1048576K
Event: 4.802 GC heap after
Heap after GC invocations=10 (full 1):
 PSYoungGen      total 261120K, used 8060K [0x00000000d5e00000, 0x00000000ee380000, 0x0000000100000000)
  eden space 248320K, 0% used [0x00000000d5e00000,0x00000000d5e00000,0x00000000e5080000)
  from space 12800K, 62% used [0x00000000e5080000,0x00000000e585f3b0,0x00000000e5d00000)
  to   space 12800K, 0% used [0x00000000ed700000,0x00000000ed700000,0x00000000ee380000)
 ParOldGen       total 46080K, used 6869K [0x0000000081a00000, 0x0000000084700000, 0x00000000d5e00000)
  object space 46080K, 14% used [0x0000000081a00000,0x00000000820b5650,0x0000000084700000)
 Metaspace       used 33179K, capacity 35316K, committed 35416K, reserved 1079296K
  class space    used 4509K, capacity 4945K, committed 4992K, reserved 1048576K
}
Event: 4.802 GC heap before
{Heap before GC invocations=11 (full 2):
 PSYoungGen      total 261120K, used 8060K [0x00000000d5e00000, 0x00000000ee380000, 0x0000000100000000)
  eden space 248320K, 0% used [0x00000000d5e00000,0x00000000d5e00000,0x00000000e5080000)
  from space 12800K, 62% used [0x00000000e5080000,0x00000000e585f3b0,0x00000000e5d00000)
  to   space 12800K, 0% used [0x00000000ed700000,0x00000000ed700000,0x00000000ee380000)
 ParOldGen       total 46080K, used 6869K [0x0000000081a00000, 0x0000000084700000, 0x00000000d5e00000)
  object space 46080K, 14% used [0x0000000081a00000,0x00000000820b5650,0x0000000084700000)
 Metaspace       used 33179K, capacity 35316K, committed 35416K, reserved 1079296K
  class space    used 4509K, capacity 4945K, committed 4992K, reserved 1048576K
Event: 4.881 GC heap after
Heap after GC invocations=11 (full 2):
 PSYoungGen      total 261120K, used 0K [0x00000000d5e00000, 0x00000000ee380000, 0x0000000100000000)
  eden space 248320K, 0% used [0x00000000d5e00000,0x00000000d5e00000,0x00000000e5080000)
  from space 12800K, 0% used [0x00000000e5080000,0x00000000e5080000,0x00000000e5d00000)
  to   space 12800K, 0% used [0x00000000ed700000,0x00000000ed700000,0x00000000ee380000)
 ParOldGen       total 61952K, used 12981K [0x0000000081a00000, 0x0000000085680000, 0x00000000d5e00000)
  object space 61952K, 20% used [0x0000000081a00000,0x00000000826ad778,0x0000000085680000)
 Metaspace       used 33179K, capacity 35316K, committed 35416K, reserved 1079296K
  class space    used 4509K, capacity 4945K, committed 4992K, reserved 1048576K
}
Event: 7.014 GC heap before
{Heap before GC invocations=12 (full 2):
 PSYoungGen      total 261120K, used 248320K [0x00000000d5e00000, 0x00000000ee380000, 0x0000000100000000)
  eden space 248320K, 100% used [0x00000000d5e00000,0x00000000e5080000,0x00000000e5080000)
  from space 12800K, 0% used [0x00000000e5080000,0x00000000e5080000,0x00000000e5d00000)
  to   space 12800K, 0% used [0x00000000ed700000,0x00000000ed700000,0x00000000ee380000)
 ParOldGen       total 61952K, used 12981K [0x0000000081a00000, 0x0000000085680000, 0x00000000d5e00000)
  object space 61952K, 20% used [0x0000000081a00000,0x00000000826ad778,0x0000000085680000)
 Metaspace       used 51983K, capacity 55182K, committed 55384K, reserved 1097728K
  class space    used 7200K, capacity 7747K, committed 7808K, reserved 1048576K
Event: 7.034 GC heap after
Heap after GC invocations=12 (full 2):
 PSYoungGen      total 367104K, used 12780K [0x00000000d5e00000, 0x00000000ee380000, 0x0000000100000000)
  eden space 354304K, 0% used [0x00000000d5e00000,0x00000000d5e00000,0x00000000eb800000)
  from space 12800K, 99% used [0x00000000ed700000,0x00000000ee37b1b0,0x00000000ee380000)
  to   space 17920K, 0% used [0x00000000ec080000,0x00000000ec080000,0x00000000ed200000)
 ParOldGen       total 61952K, used 22698K [0x0000000081a00000, 0x0000000085680000, 0x00000000d5e00000)
  object space 61952K, 36% used [0x0000000081a00000,0x000000008302ab18,0x0000000085680000)
 Metaspace       used 51983K, capacity 55182K, committed 55384K, reserved 1097728K
  class space    used 7200K, capacity 7747K, committed 7808K, reserved 1048576K
}
Event: 7.514 GC heap before
{Heap before GC invocations=13 (full 2):
 PSYoungGen      total 367104K, used 79776K [0x00000000d5e00000, 0x00000000ee380000, 0x0000000100000000)
  eden space 354304K, 18% used [0x00000000d5e00000,0x00000000d9f6d050,0x00000000eb800000)
  from space 12800K, 99% used [0x00000000ed700000,0x00000000ee37b1b0,0x00000000ee380000)
  to   space 17920K, 0% used [0x00000000ec080000,0x00000000ec080000,0x00000000ed200000)
 ParOldGen       total 61952K, used 22698K [0x0000000081a00000, 0x0000000085680000, 0x00000000d5e00000)
  object space 61952K, 36% used [0x0000000081a00000,0x000000008302ab18,0x0000000085680000)
 Metaspace       used 55478K, capacity 58952K, committed 58968K, reserved 1099776K
  class space    used 7722K, capacity 8318K, committed 8320K, reserved 1048576K
Event: 7.527 GC heap after
Heap after GC invocations=13 (full 2):
 PSYoungGen      total 380928K, used 5704K [0x00000000d5e00000, 0x00000000f6600000, 0x0000000100000000)
  eden space 363008K, 0% used [0x00000000d5e00000,0x00000000d5e00000,0x00000000ec080000)
  from space 17920K, 31% used [0x00000000ec080000,0x00000000ec612250,0x00000000ed200000)
  to   space 17408K, 0% used [0x00000000f5500000,0x00000000f5500000,0x00000000f6600000)
 ParOldGen       total 61952K, used 30498K [0x0000000081a00000, 0x0000000085680000, 0x00000000d5e00000)
  object space 61952K, 49% used [0x0000000081a00000,0x00000000837c8b08,0x0000000085680000)
 Metaspace       used 55478K, capacity 58952K, committed 58968K, reserved 1099776K
  class space    used 7722K, capacity 8318K, committed 8320K, reserved 1048576K
}
Event: 7.527 GC heap before
{Heap before GC invocations=14 (full 3):
 PSYoungGen      total 380928K, used 5704K [0x00000000d5e00000, 0x00000000f6600000, 0x0000000100000000)
  eden space 363008K, 0% used [0x00000000d5e00000,0x00000000d5e00000,0x00000000ec080000)
  from space 17920K, 31% used [0x00000000ec080000,0x00000000ec612250,0x00000000ed200000)
  to   space 17408K, 0% used [0x00000000f5500000,0x00000000f5500000,0x00000000f6600000)
 ParOldGen       total 61952K, used 30498K [0x0000000081a00000, 0x0000000085680000, 0x00000000d5e00000)
  object space 61952K, 49% used [0x0000000081a00000,0x00000000837c8b08,0x0000000085680000)
 Metaspace       used 55478K, capacity 58952K, committed 58968K, reserved 1099776K
  class space    used 7722K, capacity 8318K, committed 8320K, reserved 1048576K
Event: 7.712 GC heap after
Heap after GC invocations=14 (full 3):
 PSYoungGen      total 380928K, used 0K [0x00000000d5e00000, 0x00000000f6600000, 0x0000000100000000)
  eden space 363008K, 0% used [0x00000000d5e00000,0x00000000d5e00000,0x00000000ec080000)
  from space 17920K, 0% used [0x00000000ec080000,0x00000000ec080000,0x00000000ed200000)
  to   space 17408K, 0% used [0x00000000f5500000,0x00000000f5500000,0x00000000f6600000)
 ParOldGen       total 89600K, used 24453K [0x0000000081a00000, 0x0000000087180000, 0x00000000d5e00000)
  object space 89600K, 27% used [0x0000000081a00000,0x00000000831e1758,0x0000000087180000)
 Metaspace       used 55478K, capacity 58952K, committed 58968K, reserved 1099776K
  class space    used 7722K, capacity 8318K, committed 8320K, reserved 1048576K
}

